{"contracts/Comments.sol":{"l":{},"path":"/Users/tejrajjadeja/Work/rari-tank-contracts/contracts/Comments.sol","s":{},"b":{},"f":{},"fnMap":{},"statementMap":{},"branchMap":{}},"contracts/external/chainlink/AggregatorV3Interface.sol":{"l":{},"path":"/Users/tejrajjadeja/Work/rari-tank-contracts/contracts/external/chainlink/AggregatorV3Interface.sol","s":{},"b":{},"f":{},"fnMap":{},"statementMap":{},"branchMap":{}},"contracts/external/compound/ICErc20.sol":{"l":{},"path":"/Users/tejrajjadeja/Work/rari-tank-contracts/contracts/external/compound/ICErc20.sol","s":{},"b":{},"f":{},"fnMap":{},"statementMap":{},"branchMap":{}},"contracts/external/compound/IComptroller.sol":{"l":{},"path":"/Users/tejrajjadeja/Work/rari-tank-contracts/contracts/external/compound/IComptroller.sol","s":{},"b":{},"f":{},"fnMap":{},"statementMap":{},"branchMap":{}},"contracts/external/compound/IPriceFeed.sol":{"l":{},"path":"/Users/tejrajjadeja/Work/rari-tank-contracts/contracts/external/compound/IPriceFeed.sol","s":{},"b":{},"f":{},"fnMap":{},"statementMap":{},"branchMap":{}},"contracts/external/fuse/IFusePoolDirectory.sol":{"l":{},"path":"/Users/tejrajjadeja/Work/rari-tank-contracts/contracts/external/fuse/IFusePoolDirectory.sol","s":{},"b":{},"f":{},"fnMap":{},"statementMap":{},"branchMap":{}},"contracts/external/keep3r/IKeep3r.sol":{"l":{},"path":"/Users/tejrajjadeja/Work/rari-tank-contracts/contracts/external/keep3r/IKeep3r.sol","s":{},"b":{},"f":{},"fnMap":{},"statementMap":{},"branchMap":{}},"contracts/external/rari/IRariFundManager.sol":{"l":{},"path":"/Users/tejrajjadeja/Work/rari-tank-contracts/contracts/external/rari/IRariFundManager.sol","s":{},"b":{},"f":{},"fnMap":{},"statementMap":{},"branchMap":{}},"contracts/external/uniswapv2/IUniswapV2Factory.sol":{"l":{},"path":"/Users/tejrajjadeja/Work/rari-tank-contracts/contracts/external/uniswapv2/IUniswapV2Factory.sol","s":{},"b":{},"f":{},"fnMap":{},"statementMap":{},"branchMap":{}},"contracts/external/uniswapv2/IUniswapV2Pair.sol":{"l":{},"path":"/Users/tejrajjadeja/Work/rari-tank-contracts/contracts/external/uniswapv2/IUniswapV2Pair.sol","s":{},"b":{},"f":{},"fnMap":{},"statementMap":{},"branchMap":{}},"contracts/external/uniswapv2/IUniswapV2Router.sol":{"l":{},"path":"/Users/tejrajjadeja/Work/rari-tank-contracts/contracts/external/uniswapv2/IUniswapV2Router.sol","s":{},"b":{},"f":{},"fnMap":{},"statementMap":{},"branchMap":{}},"contracts/external/uniswapv2/IWETH.sol":{"l":{},"path":"/Users/tejrajjadeja/Work/rari-tank-contracts/contracts/external/uniswapv2/IWETH.sol","s":{},"b":{},"f":{},"fnMap":{},"statementMap":{},"branchMap":{}},"contracts/external/uniswapv2/UniswapV2Library.sol":{"l":{"15":0,"16":0,"17":0,"26":0,"27":0,"47":0,"48":0,"50":0,"61":0,"62":0,"63":0,"72":0,"73":0,"77":0,"78":0,"79":0,"80":0,"89":0,"90":0,"94":0,"95":0,"96":0,"105":0,"106":0,"107":0,"108":0,"109":0,"111":0,"121":0,"122":0,"123":0,"124":0,"125":0,"127":0},"path":"/Users/tejrajjadeja/Work/rari-tank-contracts/contracts/external/uniswapv2/UniswapV2Library.sol","s":{"1":0,"2":0,"3":0,"4":0,"5":0,"6":0,"7":0,"8":0,"9":0,"10":0,"11":0,"12":0,"13":0,"14":0,"15":0,"16":0,"17":0,"18":0,"19":0,"20":0,"21":0,"22":0,"23":0,"24":0,"25":0,"26":0,"27":0,"28":0,"29":0,"30":0,"31":0,"32":0,"33":0,"34":0},"b":{"1":[0,0],"2":[0,0],"3":[0,0],"4":[0,0],"5":[0,0],"6":[0,0],"7":[0,0],"8":[0,0],"9":[0,0],"10":[0,0]},"f":{"1":0,"2":0,"3":0,"4":0,"5":0,"6":0,"7":0,"8":0},"fnMap":{"1":{"name":"sortTokens","line":10,"loc":{"start":{"line":10,"column":4},"end":{"line":18,"column":4}}},"2":{"name":"pairFor","line":21,"loc":{"start":{"line":21,"column":4},"end":{"line":39,"column":4}}},"3":{"name":"getReserves","line":42,"loc":{"start":{"line":42,"column":4},"end":{"line":53,"column":4}}},"4":{"name":"quote","line":56,"loc":{"start":{"line":56,"column":4},"end":{"line":64,"column":4}}},"5":{"name":"getAmountOut","line":67,"loc":{"start":{"line":67,"column":4},"end":{"line":81,"column":4}}},"6":{"name":"getAmountIn","line":84,"loc":{"start":{"line":84,"column":4},"end":{"line":97,"column":4}}},"7":{"name":"getAmountsOut","line":100,"loc":{"start":{"line":100,"column":4},"end":{"line":113,"column":4}}},"8":{"name":"getAmountsIn","line":116,"loc":{"start":{"line":116,"column":4},"end":{"line":129,"column":4}}}},"statementMap":{"1":{"start":{"line":15,"column":8},"end":{"line":15,"column":73}},"2":{"start":{"line":16,"column":8},"end":{"line":16,"column":79}},"3":{"start":{"line":17,"column":8},"end":{"line":17,"column":70}},"4":{"start":{"line":26,"column":8},"end":{"line":26,"column":69}},"5":{"start":{"line":27,"column":8},"end":{"line":27,"column":957}},"6":{"start":{"line":47,"column":8},"end":{"line":47,"column":55}},"7":{"start":{"line":48,"column":8},"end":{"line":48,"column":1723}},"8":{"start":{"line":50,"column":8},"end":{"line":50,"column":1807}},"9":{"start":{"line":61,"column":8},"end":{"line":61,"column":68}},"10":{"start":{"line":62,"column":8},"end":{"line":62,"column":88}},"11":{"start":{"line":63,"column":8},"end":{"line":63,"column":49}},"12":{"start":{"line":72,"column":8},"end":{"line":72,"column":75}},"13":{"start":{"line":73,"column":8},"end":{"line":73,"column":2725}},"14":{"start":{"line":77,"column":8},"end":{"line":77,"column":51}},"15":{"start":{"line":78,"column":8},"end":{"line":78,"column":59}},"16":{"start":{"line":79,"column":8},"end":{"line":79,"column":70}},"17":{"start":{"line":80,"column":8},"end":{"line":80,"column":42}},"18":{"start":{"line":89,"column":8},"end":{"line":89,"column":77}},"19":{"start":{"line":90,"column":8},"end":{"line":90,"column":3439}},"20":{"start":{"line":94,"column":8},"end":{"line":94,"column":62}},"21":{"start":{"line":95,"column":8},"end":{"line":95,"column":64}},"22":{"start":{"line":96,"column":8},"end":{"line":96,"column":50}},"23":{"start":{"line":105,"column":8},"end":{"line":105,"column":66}},"24":{"start":{"line":106,"column":8},"end":{"line":106,"column":43}},"25":{"start":{"line":107,"column":8},"end":{"line":107,"column":28}},"26":{"start":{"line":108,"column":8},"end":{"line":108,"column":4142}},"27":{"start":{"line":109,"column":12},"end":{"line":109,"column":4248}},"28":{"start":{"line":111,"column":12},"end":{"line":111,"column":75}},"29":{"start":{"line":121,"column":8},"end":{"line":121,"column":66}},"30":{"start":{"line":122,"column":8},"end":{"line":122,"column":43}},"31":{"start":{"line":123,"column":8},"end":{"line":123,"column":46}},"32":{"start":{"line":124,"column":8},"end":{"line":124,"column":4805}},"33":{"start":{"line":125,"column":12},"end":{"line":125,"column":4915}},"34":{"start":{"line":127,"column":12},"end":{"line":127,"column":74}}},"branchMap":{"1":{"line":15,"type":"if","locations":[{"start":{"line":15,"column":8},"end":{"line":15,"column":8}},{"start":{"line":15,"column":8},"end":{"line":15,"column":8}}]},"2":{"line":17,"type":"if","locations":[{"start":{"line":17,"column":8},"end":{"line":17,"column":8}},{"start":{"line":17,"column":8},"end":{"line":17,"column":8}}]},"3":{"line":61,"type":"if","locations":[{"start":{"line":61,"column":8},"end":{"line":61,"column":8}},{"start":{"line":61,"column":8},"end":{"line":61,"column":8}}]},"4":{"line":62,"type":"if","locations":[{"start":{"line":62,"column":8},"end":{"line":62,"column":8}},{"start":{"line":62,"column":8},"end":{"line":62,"column":8}}]},"5":{"line":72,"type":"if","locations":[{"start":{"line":72,"column":8},"end":{"line":72,"column":8}},{"start":{"line":72,"column":8},"end":{"line":72,"column":8}}]},"6":{"line":73,"type":"if","locations":[{"start":{"line":73,"column":8},"end":{"line":73,"column":8}},{"start":{"line":73,"column":8},"end":{"line":73,"column":8}}]},"7":{"line":89,"type":"if","locations":[{"start":{"line":89,"column":8},"end":{"line":89,"column":8}},{"start":{"line":89,"column":8},"end":{"line":89,"column":8}}]},"8":{"line":90,"type":"if","locations":[{"start":{"line":90,"column":8},"end":{"line":90,"column":8}},{"start":{"line":90,"column":8},"end":{"line":90,"column":8}}]},"9":{"line":105,"type":"if","locations":[{"start":{"line":105,"column":8},"end":{"line":105,"column":8}},{"start":{"line":105,"column":8},"end":{"line":105,"column":8}}]},"10":{"line":121,"type":"if","locations":[{"start":{"line":121,"column":8},"end":{"line":121,"column":8}},{"start":{"line":121,"column":8},"end":{"line":121,"column":8}}]}}},"contracts/helpers/factory/TankFactoryDelegator.sol":{"l":{"25":3,"32":0,"33":0,"35":0,"56":0},"path":"/Users/tejrajjadeja/Work/rari-tank-contracts/contracts/helpers/factory/TankFactoryDelegator.sol","s":{"1":3,"2":0,"3":0,"4":0},"b":{"1":[0,0]},"f":{"1":3,"2":0,"3":0},"fnMap":{"1":{"name":"constructor","line":24,"loc":{"start":{"line":24,"column":4},"end":{"line":26,"column":4}}},"2":{"name":null,"line":31,"loc":{"start":{"line":31,"column":4},"end":{"line":47,"column":4}}},"3":{"name":"upgradeProxy","line":55,"loc":{"start":{"line":55,"column":4},"end":{"line":57,"column":4}}}},"statementMap":{"1":{"start":{"line":25,"column":8},"end":{"line":25,"column":39}},"2":{"start":{"line":32,"column":8},"end":{"line":32,"column":82}},"3":{"start":{"line":33,"column":8},"end":{"line":33,"column":64}},"4":{"start":{"line":56,"column":8},"end":{"line":56,"column":39}}},"branchMap":{"1":{"line":32,"type":"if","locations":[{"start":{"line":32,"column":8},"end":{"line":32,"column":8}},{"start":{"line":32,"column":8},"end":{"line":32,"column":8}}]}}},"contracts/helpers/factory/TankFactoryStorage.sol":{"l":{},"path":"/Users/tejrajjadeja/Work/rari-tank-contracts/contracts/helpers/factory/TankFactoryStorage.sol","s":{},"b":{},"f":{},"fnMap":{},"statementMap":{},"branchMap":{}},"contracts/helpers/tanks/TankDelegator.sol":{"l":{"17":3,"18":3,"20":3,"23":3,"31":19,"34":19,"35":19,"37":19,"61":3,"62":3,"67":2},"path":"/Users/tejrajjadeja/Work/rari-tank-contracts/contracts/helpers/tanks/TankDelegator.sol","s":{"1":3,"2":3,"3":3,"4":3,"5":19,"6":19,"7":19,"8":3,"9":2},"b":{"1":[19,0]},"f":{"1":3,"2":19,"3":3},"fnMap":{"1":{"name":"constructor","line":16,"loc":{"start":{"line":16,"column":4},"end":{"line":24,"column":4}}},"2":{"name":null,"line":30,"loc":{"start":{"line":30,"column":4},"end":{"line":49,"column":4}}},"3":{"name":"delegateTo","line":57,"loc":{"start":{"line":57,"column":4},"end":{"line":68,"column":4}}}},"statementMap":{"1":{"start":{"line":17,"column":8},"end":{"line":17,"column":27}},"2":{"start":{"line":18,"column":8},"end":{"line":18,"column":43}},"3":{"start":{"line":20,"column":8},"end":{"line":20,"column":605}},"4":{"start":{"line":23,"column":8},"end":{"line":23,"column":85}},"5":{"start":{"line":31,"column":8},"end":{"line":31,"column":82}},"6":{"start":{"line":34,"column":8},"end":{"line":34,"column":87}},"7":{"start":{"line":35,"column":8},"end":{"line":35,"column":64}},"8":{"start":{"line":61,"column":8},"end":{"line":61,"column":75}},"9":{"start":{"line":67,"column":8},"end":{"line":67,"column":25}}},"branchMap":{"1":{"line":31,"type":"if","locations":[{"start":{"line":31,"column":8},"end":{"line":31,"column":8}},{"start":{"line":31,"column":8},"end":{"line":31,"column":8}}]}}},"contracts/helpers/tanks/TankStorage.sol":{"l":{},"path":"/Users/tejrajjadeja/Work/rari-tank-contracts/contracts/helpers/tanks/TankStorage.sol","s":{},"b":{},"f":{},"fnMap":{},"statementMap":{},"branchMap":{}},"contracts/interfaces/ITank.sol":{"l":{},"path":"/Users/tejrajjadeja/Work/rari-tank-contracts/contracts/interfaces/ITank.sol","s":{},"b":{},"f":{},"fnMap":{},"statementMap":{},"branchMap":{}},"contracts/interfaces/ITankFactory.sol":{"l":{},"path":"/Users/tejrajjadeja/Work/rari-tank-contracts/contracts/interfaces/ITankFactory.sol","s":{},"b":{},"f":{},"fnMap":{},"statementMap":{},"branchMap":{}},"contracts/libraries/MarketController.sol":{"l":{"37":3,"40":3,"41":3,"46":4,"54":2,"55":2,"56":2,"71":1,"72":1,"81":5,"82":5,"84":5,"89":15,"97":6,"107":6,"108":6,"110":6,"119":10,"120":10,"132":3,"142":3,"145":3,"146":3,"147":3,"150":3,"159":22},"path":"/Users/tejrajjadeja/Work/rari-tank-contracts/contracts/libraries/MarketController.sol","s":{"1":3,"2":3,"3":3,"4":4,"5":2,"6":2,"7":2,"8":1,"9":1,"10":5,"11":5,"12":5,"13":15,"14":6,"15":6,"16":6,"17":6,"18":10,"19":10,"20":3,"21":3,"22":3,"23":3,"24":3,"25":3,"26":22},"b":{"1":[3,0],"2":[4,0],"3":[2,0],"4":[1,0],"5":[5,0]},"f":{"1":3,"2":4,"3":2,"4":1,"5":5,"6":15,"7":6,"8":6,"9":10,"10":3,"11":3,"12":22},"fnMap":{"1":{"name":"supply","line":36,"loc":{"start":{"line":36,"column":4},"end":{"line":42,"column":4}}},"2":{"name":"withdraw","line":45,"loc":{"start":{"line":45,"column":4},"end":{"line":50,"column":4}}},"3":{"name":"enterMarkets","line":53,"loc":{"start":{"line":53,"column":4},"end":{"line":60,"column":4}}},"4":{"name":"borrow","line":66,"loc":{"start":{"line":66,"column":4},"end":{"line":73,"column":4}}},"5":{"name":"repay","line":76,"loc":{"start":{"line":76,"column":4},"end":{"line":85,"column":4}}},"6":{"name":"balanceOfUnderlying","line":88,"loc":{"start":{"line":88,"column":4},"end":{"line":90,"column":4}}},"7":{"name":"borrowBalanceCurrent","line":93,"loc":{"start":{"line":93,"column":4},"end":{"line":98,"column":4}}},"8":{"name":"getPrice","line":101,"loc":{"start":{"line":101,"column":4},"end":{"line":111,"column":4}}},"9":{"name":"getPriceEth","line":114,"loc":{"start":{"line":114,"column":4},"end":{"line":121,"column":4}}},"10":{"name":"getTokensFromUsd","line":127,"loc":{"start":{"line":127,"column":4},"end":{"line":133,"column":4}}},"11":{"name":"maxBorrowAmountUSD","line":136,"loc":{"start":{"line":136,"column":4},"end":{"line":151,"column":4}}},"12":{"name":"getCErc20Contract","line":154,"loc":{"start":{"line":154,"column":4},"end":{"line":160,"column":4}}}},"statementMap":{"1":{"start":{"line":37,"column":8},"end":{"line":37,"column":40}},"2":{"start":{"line":40,"column":8},"end":{"line":40,"column":58}},"3":{"start":{"line":41,"column":8},"end":{"line":41,"column":88}},"4":{"start":{"line":46,"column":8},"end":{"line":46,"column":1513}},"5":{"start":{"line":54,"column":8},"end":{"line":54,"column":51}},"6":{"start":{"line":55,"column":8},"end":{"line":55,"column":26}},"7":{"start":{"line":56,"column":8},"end":{"line":56,"column":1940}},"8":{"start":{"line":71,"column":8},"end":{"line":71,"column":76}},"9":{"start":{"line":72,"column":8},"end":{"line":72,"column":52}},"10":{"start":{"line":81,"column":8},"end":{"line":81,"column":62}},"11":{"start":{"line":82,"column":8},"end":{"line":82,"column":53}},"12":{"start":{"line":84,"column":8},"end":{"line":84,"column":77}},"13":{"start":{"line":89,"column":8},"end":{"line":89,"column":65}},"14":{"start":{"line":97,"column":8},"end":{"line":97,"column":88}},"15":{"start":{"line":107,"column":8},"end":{"line":107,"column":55}},"16":{"start":{"line":108,"column":8},"end":{"line":108,"column":67}},"17":{"start":{"line":110,"column":8},"end":{"line":110,"column":52}},"18":{"start":{"line":119,"column":8},"end":{"line":119,"column":65}},"19":{"start":{"line":120,"column":8},"end":{"line":120,"column":82}},"20":{"start":{"line":132,"column":8},"end":{"line":132,"column":65}},"21":{"start":{"line":142,"column":8},"end":{"line":142,"column":80}},"22":{"start":{"line":145,"column":8},"end":{"line":145,"column":52}},"23":{"start":{"line":146,"column":8},"end":{"line":146,"column":76}},"24":{"start":{"line":147,"column":8},"end":{"line":147,"column":57}},"25":{"start":{"line":150,"column":8},"end":{"line":150,"column":57}},"26":{"start":{"line":159,"column":8},"end":{"line":159,"column":72}}},"branchMap":{"1":{"line":41,"type":"if","locations":[{"start":{"line":41,"column":8},"end":{"line":41,"column":8}},{"start":{"line":41,"column":8},"end":{"line":41,"column":8}}]},"2":{"line":46,"type":"if","locations":[{"start":{"line":46,"column":8},"end":{"line":46,"column":8}},{"start":{"line":46,"column":8},"end":{"line":46,"column":8}}]},"3":{"line":56,"type":"if","locations":[{"start":{"line":56,"column":8},"end":{"line":56,"column":8}},{"start":{"line":56,"column":8},"end":{"line":56,"column":8}}]},"4":{"line":72,"type":"if","locations":[{"start":{"line":72,"column":8},"end":{"line":72,"column":8}},{"start":{"line":72,"column":8},"end":{"line":72,"column":8}}]},"5":{"line":84,"type":"if","locations":[{"start":{"line":84,"column":8},"end":{"line":84,"column":8}},{"start":{"line":84,"column":8},"end":{"line":84,"column":8}}]}}},"contracts/libraries/YieldSourceController.sol":{"l":{"26":1,"27":1,"32":7,"37":5},"path":"/Users/tejrajjadeja/Work/rari-tank-contracts/contracts/libraries/YieldSourceController.sol","s":{"1":1,"2":1,"3":7,"4":5},"b":{},"f":{"1":1,"2":7,"3":5},"fnMap":{"1":{"name":"deposit","line":25,"loc":{"start":{"line":25,"column":4},"end":{"line":28,"column":4}}},"2":{"name":"withdraw","line":31,"loc":{"start":{"line":31,"column":4},"end":{"line":33,"column":4}}},"3":{"name":"balanceOf","line":36,"loc":{"start":{"line":36,"column":4},"end":{"line":38,"column":4}}}},"statementMap":{"1":{"start":{"line":26,"column":8},"end":{"line":26,"column":64}},"2":{"start":{"line":27,"column":8},"end":{"line":27,"column":48}},"3":{"start":{"line":32,"column":8},"end":{"line":32,"column":49}},"4":{"start":{"line":37,"column":8},"end":{"line":37,"column":57}}},"branchMap":{}},"contracts/Tank.sol":{"l":{"86":3,"88":3,"95":2,"96":2,"102":2,"103":2,"104":2,"105":2,"107":2,"108":2,"109":2,"111":2,"118":2,"119":2,"135":3,"136":3,"137":3,"138":3,"140":3,"142":3,"144":3,"145":3,"147":3,"148":3,"157":6,"161":6,"163":5,"172":1,"175":1,"176":1,"177":1,"180":1,"181":1,"184":1,"185":1,"186":1,"192":2,"195":2,"196":2,"199":1,"200":1,"203":1,"206":1,"207":1,"216":3,"219":3,"222":3,"226":3,"229":3,"231":3,"232":2,"242":11,"243":11,"245":11,"249":11,"250":9,"255":9,"256":9,"258":9,"271":4,"272":4,"274":4,"278":4,"280":4,"281":4,"287":2,"288":2,"291":2,"292":2,"294":2,"296":0,"297":0,"300":0,"303":2,"308":2,"309":2,"312":2,"313":2,"314":2,"316":0,"319":2,"322":2,"341":3,"344":3,"345":3,"361":3,"362":3,"365":3,"370":3,"371":3,"376":1,"377":1,"379":1,"380":1,"385":5,"386":5,"388":5,"389":5,"395":3,"398":3},"path":"/Users/tejrajjadeja/Work/rari-tank-contracts/contracts/Tank.sol","s":{"1":3,"2":3,"3":2,"4":2,"5":2,"6":2,"7":2,"8":2,"9":2,"10":2,"11":2,"12":2,"13":2,"14":2,"15":3,"16":3,"17":3,"18":3,"19":3,"20":3,"21":3,"22":3,"23":3,"24":6,"25":5,"26":1,"27":1,"28":1,"29":1,"30":1,"31":1,"32":1,"33":1,"34":1,"35":2,"36":2,"37":2,"38":1,"39":1,"40":1,"41":1,"42":1,"43":3,"44":3,"45":3,"46":3,"47":3,"48":2,"49":3,"50":2,"51":1,"52":1,"53":11,"54":11,"55":11,"56":11,"57":2,"58":9,"59":9,"60":9,"61":9,"62":4,"63":4,"64":4,"65":4,"66":4,"67":4,"68":2,"69":2,"70":2,"71":2,"72":2,"73":0,"74":0,"75":2,"76":0,"77":2,"78":2,"79":2,"80":2,"81":2,"82":2,"83":0,"84":2,"85":2,"86":3,"87":3,"88":3,"89":3,"90":3,"91":3,"92":3,"93":3,"94":1,"95":1,"96":1,"97":1,"98":5,"99":5,"100":5,"101":5,"102":3,"103":3},"b":{"1":[2,1],"2":[2,0],"3":[2,0],"4":[6,0],"5":[1,0],"6":[1,0],"7":[2,0],"8":[1,1],"9":[3,0],"10":[3,0],"11":[2,1],"12":[2,1],"13":[1,1],"14":[2,9],"15":[0,2],"16":[0,2],"17":[2,0]},"f":{"1":3,"2":3,"3":6,"4":1,"5":2,"6":3,"7":11,"8":9,"9":4,"10":2,"11":2,"12":3,"13":3,"14":1,"15":5,"16":3},"fnMap":{"1":{"name":"initialize","line":84,"loc":{"start":{"line":84,"column":4},"end":{"line":124,"column":4}}},"2":{"name":"pay","line":134,"loc":{"start":{"line":134,"column":4},"end":{"line":149,"column":4}}},"3":{"name":"blockLock","line":156,"loc":{"start":{"line":156,"column":4},"end":{"line":164,"column":4}}},"4":{"name":"deposit","line":170,"loc":{"start":{"line":170,"column":4},"end":{"line":187,"column":4}}},"5":{"name":"withdraw","line":190,"loc":{"start":{"line":190,"column":4},"end":{"line":208,"column":4}}},"6":{"name":"rebalance","line":214,"loc":{"start":{"line":214,"column":4},"end":{"line":235,"column":4}}},"7":{"name":"exchangeRateCurrent","line":241,"loc":{"start":{"line":241,"column":4},"end":{"line":251,"column":4}}},"8":{"name":"balanceOfUnderlying","line":254,"loc":{"start":{"line":254,"column":4},"end":{"line":262,"column":4}}},"9":{"name":"withdrawFunds","line":269,"loc":{"start":{"line":269,"column":4},"end":{"line":282,"column":4}}},"10":{"name":"takeProfit","line":285,"loc":{"start":{"line":285,"column":4},"end":{"line":304,"column":4}}},"11":{"name":"swapProfit","line":307,"loc":{"start":{"line":307,"column":4},"end":{"line":330,"column":4}}},"12":{"name":"getProfit","line":336,"loc":{"start":{"line":336,"column":4},"end":{"line":346,"column":4}}},"13":{"name":"getBorrowBalanceDivergence","line":353,"loc":{"start":{"line":353,"column":4},"end":{"line":372,"column":4}}},"14":{"name":"borrow","line":375,"loc":{"start":{"line":375,"column":4},"end":{"line":381,"column":4}}},"15":{"name":"repay","line":384,"loc":{"start":{"line":384,"column":4},"end":{"line":390,"column":4}}},"16":{"name":"getIdealBorrowAmount","line":393,"loc":{"start":{"line":393,"column":4},"end":{"line":403,"column":4}}}},"statementMap":{"1":{"start":{"line":86,"column":8},"end":{"line":86,"column":85}},"2":{"start":{"line":88,"column":8},"end":{"line":88,"column":3265}},"3":{"start":{"line":95,"column":8},"end":{"line":95,"column":21}},"4":{"start":{"line":96,"column":8},"end":{"line":96,"column":33}},"5":{"start":{"line":102,"column":8},"end":{"line":102,"column":61}},"6":{"start":{"line":103,"column":8},"end":{"line":103,"column":56}},"7":{"start":{"line":104,"column":8},"end":{"line":104,"column":58}},"8":{"start":{"line":105,"column":8},"end":{"line":105,"column":41}},"9":{"start":{"line":107,"column":8},"end":{"line":107,"column":73}},"10":{"start":{"line":108,"column":8},"end":{"line":108,"column":79}},"11":{"start":{"line":109,"column":8},"end":{"line":109,"column":58}},"12":{"start":{"line":111,"column":8},"end":{"line":111,"column":4159}},"13":{"start":{"line":118,"column":8},"end":{"line":118,"column":57}},"14":{"start":{"line":119,"column":8},"end":{"line":119,"column":4457}},"15":{"start":{"line":135,"column":8},"end":{"line":135,"column":31}},"16":{"start":{"line":137,"column":8},"end":{"line":137,"column":45}},"17":{"start":{"line":138,"column":8},"end":{"line":138,"column":61}},"18":{"start":{"line":140,"column":8},"end":{"line":140,"column":5158}},"19":{"start":{"line":142,"column":8},"end":{"line":142,"column":84}},"20":{"start":{"line":144,"column":8},"end":{"line":144,"column":49}},"21":{"start":{"line":145,"column":8},"end":{"line":145,"column":56}},"22":{"start":{"line":147,"column":8},"end":{"line":147,"column":27}},"23":{"start":{"line":148,"column":8},"end":{"line":148,"column":52}},"24":{"start":{"line":157,"column":8},"end":{"line":157,"column":5988}},"25":{"start":{"line":163,"column":8},"end":{"line":163,"column":44}},"26":{"start":{"line":172,"column":8},"end":{"line":172,"column":77}},"27":{"start":{"line":175,"column":8},"end":{"line":175,"column":72}},"28":{"start":{"line":176,"column":8},"end":{"line":176,"column":55}},"29":{"start":{"line":177,"column":8},"end":{"line":177,"column":82}},"30":{"start":{"line":180,"column":8},"end":{"line":180,"column":72}},"31":{"start":{"line":181,"column":8},"end":{"line":181,"column":46}},"32":{"start":{"line":184,"column":8},"end":{"line":184,"column":52}},"33":{"start":{"line":185,"column":8},"end":{"line":185,"column":61}},"34":{"start":{"line":186,"column":8},"end":{"line":186,"column":68}},"35":{"start":{"line":192,"column":8},"end":{"line":192,"column":77}},"36":{"start":{"line":195,"column":8},"end":{"line":195,"column":57}},"37":{"start":{"line":196,"column":8},"end":{"line":196,"column":58}},"38":{"start":{"line":199,"column":8},"end":{"line":199,"column":52}},"39":{"start":{"line":200,"column":8},"end":{"line":200,"column":61}},"40":{"start":{"line":203,"column":8},"end":{"line":203,"column":78}},"41":{"start":{"line":206,"column":8},"end":{"line":206,"column":28}},"42":{"start":{"line":207,"column":8},"end":{"line":207,"column":53}},"43":{"start":{"line":216,"column":8},"end":{"line":216,"column":77}},"44":{"start":{"line":219,"column":8},"end":{"line":219,"column":65}},"45":{"start":{"line":222,"column":8},"end":{"line":222,"column":8943}},"46":{"start":{"line":226,"column":8},"end":{"line":226,"column":86}},"47":{"start":{"line":229,"column":8},"end":{"line":229,"column":57}},"48":{"start":{"line":229,"column":30},"end":{"line":229,"column":56}},"49":{"start":{"line":231,"column":8},"end":{"line":231,"column":9425}},"50":{"start":{"line":232,"column":12},"end":{"line":232,"column":9491}},"51":{"start":{"line":232,"column":30},"end":{"line":232,"column":47}},"52":{"start":{"line":233,"column":17},"end":{"line":233,"column":33}},"53":{"start":{"line":242,"column":8},"end":{"line":242,"column":38}},"54":{"start":{"line":243,"column":8},"end":{"line":243,"column":61}},"55":{"start":{"line":245,"column":8},"end":{"line":245,"column":9949}},"56":{"start":{"line":249,"column":8},"end":{"line":249,"column":52}},"57":{"start":{"line":249,"column":41},"end":{"line":249,"column":52}},"58":{"start":{"line":250,"column":8},"end":{"line":250,"column":44}},"59":{"start":{"line":255,"column":8},"end":{"line":255,"column":44}},"60":{"start":{"line":256,"column":8},"end":{"line":256,"column":52}},"61":{"start":{"line":258,"column":8},"end":{"line":258,"column":10418}},"62":{"start":{"line":271,"column":8},"end":{"line":271,"column":76}},"63":{"start":{"line":272,"column":8},"end":{"line":272,"column":64}},"64":{"start":{"line":274,"column":8},"end":{"line":274,"column":11064}},"65":{"start":{"line":278,"column":8},"end":{"line":278,"column":61}},"66":{"start":{"line":280,"column":8},"end":{"line":280,"column":17}},"67":{"start":{"line":281,"column":8},"end":{"line":281,"column":48}},"68":{"start":{"line":287,"column":8},"end":{"line":287,"column":89}},"69":{"start":{"line":288,"column":8},"end":{"line":288,"column":11741}},"70":{"start":{"line":291,"column":8},"end":{"line":291,"column":45}},"71":{"start":{"line":292,"column":8},"end":{"line":292,"column":65}},"72":{"start":{"line":294,"column":8},"end":{"line":294,"column":11990}},"73":{"start":{"line":296,"column":12},"end":{"line":296,"column":65}},"74":{"start":{"line":297,"column":12},"end":{"line":297,"column":18}},"75":{"start":{"line":298,"column":15},"end":{"line":298,"column":12209}},"76":{"start":{"line":300,"column":12},"end":{"line":300,"column":63}},"77":{"start":{"line":303,"column":8},"end":{"line":303,"column":74}},"78":{"start":{"line":308,"column":8},"end":{"line":308,"column":62}},"79":{"start":{"line":309,"column":8},"end":{"line":309,"column":26}},"80":{"start":{"line":312,"column":8},"end":{"line":312,"column":12885}},"81":{"start":{"line":313,"column":12},"end":{"line":313,"column":25}},"82":{"start":{"line":314,"column":12},"end":{"line":314,"column":26}},"83":{"start":{"line":316,"column":12},"end":{"line":316,"column":26}},"84":{"start":{"line":319,"column":8},"end":{"line":319,"column":48}},"85":{"start":{"line":322,"column":8},"end":{"line":322,"column":13148}},"86":{"start":{"line":341,"column":8},"end":{"line":341,"column":77}},"87":{"start":{"line":344,"column":8},"end":{"line":344,"column":80}},"88":{"start":{"line":345,"column":8},"end":{"line":345,"column":43}},"89":{"start":{"line":361,"column":8},"end":{"line":361,"column":58}},"90":{"start":{"line":362,"column":8},"end":{"line":362,"column":59}},"91":{"start":{"line":365,"column":8},"end":{"line":365,"column":14991}},"92":{"start":{"line":370,"column":8},"end":{"line":370,"column":76}},"93":{"start":{"line":371,"column":8},"end":{"line":371,"column":58}},"94":{"start":{"line":376,"column":8},"end":{"line":376,"column":68}},"95":{"start":{"line":377,"column":8},"end":{"line":377,"column":40}},"96":{"start":{"line":379,"column":8},"end":{"line":379,"column":50}},"97":{"start":{"line":380,"column":8},"end":{"line":380,"column":45}},"98":{"start":{"line":385,"column":8},"end":{"line":385,"column":55}},"99":{"start":{"line":386,"column":8},"end":{"line":386,"column":49}},"100":{"start":{"line":388,"column":8},"end":{"line":388,"column":71}},"101":{"start":{"line":389,"column":8},"end":{"line":389,"column":46}},"102":{"start":{"line":395,"column":8},"end":{"line":395,"column":16376}},"103":{"start":{"line":398,"column":8},"end":{"line":398,"column":16439}}},"branchMap":{"1":{"line":88,"type":"if","locations":[{"start":{"line":88,"column":8},"end":{"line":88,"column":8}},{"start":{"line":88,"column":8},"end":{"line":88,"column":8}}]},"2":{"line":118,"type":"if","locations":[{"start":{"line":118,"column":8},"end":{"line":118,"column":8}},{"start":{"line":118,"column":8},"end":{"line":118,"column":8}}]},"3":{"line":119,"type":"if","locations":[{"start":{"line":119,"column":8},"end":{"line":119,"column":8}},{"start":{"line":119,"column":8},"end":{"line":119,"column":8}}]},"4":{"line":157,"type":"if","locations":[{"start":{"line":157,"column":8},"end":{"line":157,"column":8}},{"start":{"line":157,"column":8},"end":{"line":157,"column":8}}]},"5":{"line":172,"type":"if","locations":[{"start":{"line":172,"column":8},"end":{"line":172,"column":8}},{"start":{"line":172,"column":8},"end":{"line":172,"column":8}}]},"6":{"line":177,"type":"if","locations":[{"start":{"line":177,"column":8},"end":{"line":177,"column":8}},{"start":{"line":177,"column":8},"end":{"line":177,"column":8}}]},"7":{"line":192,"type":"if","locations":[{"start":{"line":192,"column":8},"end":{"line":192,"column":8}},{"start":{"line":192,"column":8},"end":{"line":192,"column":8}}]},"8":{"line":196,"type":"if","locations":[{"start":{"line":196,"column":8},"end":{"line":196,"column":8}},{"start":{"line":196,"column":8},"end":{"line":196,"column":8}}]},"9":{"line":216,"type":"if","locations":[{"start":{"line":216,"column":8},"end":{"line":216,"column":8}},{"start":{"line":216,"column":8},"end":{"line":216,"column":8}}]},"10":{"line":226,"type":"if","locations":[{"start":{"line":226,"column":8},"end":{"line":226,"column":8}},{"start":{"line":226,"column":8},"end":{"line":226,"column":8}}]},"11":{"line":229,"type":"if","locations":[{"start":{"line":229,"column":8},"end":{"line":229,"column":8}},{"start":{"line":229,"column":8},"end":{"line":229,"column":8}}]},"12":{"line":231,"type":"if","locations":[{"start":{"line":231,"column":8},"end":{"line":231,"column":8}},{"start":{"line":231,"column":8},"end":{"line":231,"column":8}}]},"13":{"line":232,"type":"if","locations":[{"start":{"line":232,"column":12},"end":{"line":232,"column":12}},{"start":{"line":232,"column":12},"end":{"line":232,"column":12}}]},"14":{"line":249,"type":"if","locations":[{"start":{"line":249,"column":8},"end":{"line":249,"column":8}},{"start":{"line":249,"column":8},"end":{"line":249,"column":8}}]},"15":{"line":294,"type":"if","locations":[{"start":{"line":294,"column":8},"end":{"line":294,"column":8}},{"start":{"line":294,"column":8},"end":{"line":294,"column":8}}]},"16":{"line":298,"type":"if","locations":[{"start":{"line":298,"column":15},"end":{"line":298,"column":15}},{"start":{"line":298,"column":15},"end":{"line":298,"column":15}}]},"17":{"line":312,"type":"if","locations":[{"start":{"line":312,"column":8},"end":{"line":312,"column":8}},{"start":{"line":312,"column":8},"end":{"line":312,"column":8}}]}}},"contracts/TankFactory.sol":{"l":{"24":2,"25":0,"26":2,"37":2,"42":2,"43":2,"45":2,"46":2,"47":2,"49":2,"58":4,"63":4,"64":4,"66":2,"67":2,"69":2,"74":0,"83":0,"88":0,"89":0,"98":0,"103":0,"104":0,"109":19,"114":2},"path":"/Users/tejrajjadeja/Work/rari-tank-contracts/contracts/TankFactory.sol","s":{"1":2,"2":0,"3":2,"4":2,"5":2,"6":2,"7":2,"8":2,"9":2,"10":4,"11":4,"12":4,"13":2,"14":2,"15":2,"16":0,"17":0,"18":0,"19":0,"20":0,"21":0,"22":0,"23":19,"24":2},"b":{"1":[0,2],"2":[2,0],"3":[4,0],"4":[0,0],"5":[0,0]},"f":{"1":2,"2":2,"3":4,"4":0,"5":0,"6":0,"7":19,"8":2},"fnMap":{"1":{"name":"canCall","line":23,"loc":{"start":{"line":23,"column":4},"end":{"line":27,"column":4}}},"2":{"name":"newImplementation","line":36,"loc":{"start":{"line":36,"column":4},"end":{"line":50,"column":4}}},"3":{"name":"deployTank","line":57,"loc":{"start":{"line":57,"column":4},"end":{"line":70,"column":4}}},"4":{"name":"changePermissions","line":73,"loc":{"start":{"line":73,"column":4},"end":{"line":75,"column":4}}},"5":{"name":"transferImplementationOwnership","line":82,"loc":{"start":{"line":82,"column":4},"end":{"line":90,"column":4}}},"6":{"name":"upgradeImplementation","line":97,"loc":{"start":{"line":97,"column":4},"end":{"line":105,"column":4}}},"7":{"name":"getImplementation","line":108,"loc":{"start":{"line":108,"column":4},"end":{"line":110,"column":4}}},"8":{"name":"getTanks","line":113,"loc":{"start":{"line":113,"column":4},"end":{"line":115,"column":4}}}},"statementMap":{"1":{"start":{"line":24,"column":8},"end":{"line":24,"column":752}},"2":{"start":{"line":25,"column":12},"end":{"line":25,"column":79}},"3":{"start":{"line":37,"column":8},"end":{"line":37,"column":1122}},"4":{"start":{"line":42,"column":8},"end":{"line":42,"column":50}},"5":{"start":{"line":43,"column":8},"end":{"line":43,"column":50}},"6":{"start":{"line":45,"column":8},"end":{"line":45,"column":46}},"7":{"start":{"line":46,"column":8},"end":{"line":46,"column":46}},"8":{"start":{"line":47,"column":8},"end":{"line":47,"column":72}},"9":{"start":{"line":49,"column":8},"end":{"line":49,"column":82}},"10":{"start":{"line":58,"column":8},"end":{"line":58,"column":1985}},"11":{"start":{"line":63,"column":8},"end":{"line":63,"column":60}},"12":{"start":{"line":64,"column":8},"end":{"line":64,"column":68}},"13":{"start":{"line":66,"column":8},"end":{"line":66,"column":32}},"14":{"start":{"line":67,"column":8},"end":{"line":67,"column":35}},"15":{"start":{"line":69,"column":8},"end":{"line":69,"column":45}},"16":{"start":{"line":74,"column":8},"end":{"line":74,"column":33}},"17":{"start":{"line":83,"column":8},"end":{"line":83,"column":2863}},"18":{"start":{"line":88,"column":8},"end":{"line":88,"column":43}},"19":{"start":{"line":89,"column":8},"end":{"line":89,"column":57}},"20":{"start":{"line":98,"column":8},"end":{"line":98,"column":3406}},"21":{"start":{"line":103,"column":8},"end":{"line":103,"column":46}},"22":{"start":{"line":104,"column":8},"end":{"line":104,"column":55}},"23":{"start":{"line":109,"column":8},"end":{"line":109,"column":49}},"24":{"start":{"line":114,"column":8},"end":{"line":114,"column":20}}},"branchMap":{"1":{"line":24,"type":"if","locations":[{"start":{"line":24,"column":8},"end":{"line":24,"column":8}},{"start":{"line":24,"column":8},"end":{"line":24,"column":8}}]},"2":{"line":37,"type":"if","locations":[{"start":{"line":37,"column":8},"end":{"line":37,"column":8}},{"start":{"line":37,"column":8},"end":{"line":37,"column":8}}]},"3":{"line":58,"type":"if","locations":[{"start":{"line":58,"column":8},"end":{"line":58,"column":8}},{"start":{"line":58,"column":8},"end":{"line":58,"column":8}}]},"4":{"line":83,"type":"if","locations":[{"start":{"line":83,"column":8},"end":{"line":83,"column":8}},{"start":{"line":83,"column":8},"end":{"line":83,"column":8}}]},"5":{"line":98,"type":"if","locations":[{"start":{"line":98,"column":8},"end":{"line":98,"column":8}},{"start":{"line":98,"column":8},"end":{"line":98,"column":8}}]}}}}