{"contracts/external/compound/ICErc20.sol":{"l":{},"path":"/Users/tejrajjadeja/rari-tanks/contracts/external/compound/ICErc20.sol","s":{},"b":{},"f":{},"fnMap":{},"statementMap":{},"branchMap":{}},"contracts/external/compound/IComptroller.sol":{"l":{},"path":"/Users/tejrajjadeja/rari-tanks/contracts/external/compound/IComptroller.sol","s":{},"b":{},"f":{},"fnMap":{},"statementMap":{},"branchMap":{}},"contracts/external/compound/IPriceFeed.sol":{"l":{},"path":"/Users/tejrajjadeja/rari-tanks/contracts/external/compound/IPriceFeed.sol","s":{},"b":{},"f":{},"fnMap":{},"statementMap":{},"branchMap":{}},"contracts/external/rari/IRariFundManager.sol":{"l":{},"path":"/Users/tejrajjadeja/rari-tanks/contracts/external/rari/IRariFundManager.sol","s":{},"b":{},"f":{},"fnMap":{},"statementMap":{},"branchMap":{}},"contracts/external/uniswapv2/IUniswapV2Factory.sol":{"l":{},"path":"/Users/tejrajjadeja/rari-tanks/contracts/external/uniswapv2/IUniswapV2Factory.sol","s":{},"b":{},"f":{},"fnMap":{},"statementMap":{},"branchMap":{}},"contracts/external/uniswapv2/IUniswapV2Pair.sol":{"l":{},"path":"/Users/tejrajjadeja/rari-tanks/contracts/external/uniswapv2/IUniswapV2Pair.sol","s":{},"b":{},"f":{},"fnMap":{},"statementMap":{},"branchMap":{}},"contracts/external/uniswapv2/UniswapV2Library.sol":{"l":{"7":1,"11":3,"20":5,"21":5,"22":5,"27":3,"28":3,"38":1,"39":1,"40":1,"45":1,"46":1,"47":1,"48":1,"49":1,"50":1,"56":1,"57":1,"58":1,"59":1,"60":1,"61":1},"path":"/Users/tejrajjadeja/rari-tanks/contracts/external/uniswapv2/UniswapV2Library.sol","s":{"1":1,"2":3,"3":5,"4":5,"5":5,"6":3,"7":3,"8":1,"9":1,"10":1,"11":1,"12":1,"13":1,"14":1,"15":1,"16":1,"17":1,"18":1,"19":1,"20":1,"21":1,"22":1},"b":{"1":[1,0],"2":[3,0],"3":[5,0],"4":[5,0],"5":[1,0],"6":[1,0],"7":[1,0]},"f":{"1":1,"2":3,"3":5,"4":3,"5":1,"6":1,"7":1},"fnMap":{"1":{"name":"add","line":6,"loc":{"start":{"line":6,"column":4},"end":{"line":8,"column":4}}},"2":{"name":"mul","line":10,"loc":{"start":{"line":10,"column":4},"end":{"line":12,"column":4}}},"3":{"name":"sortTokens","line":19,"loc":{"start":{"line":19,"column":4},"end":{"line":23,"column":4}}},"4":{"name":"pairFor","line":26,"loc":{"start":{"line":26,"column":4},"end":{"line":34,"column":4}}},"5":{"name":"getReserves","line":37,"loc":{"start":{"line":37,"column":4},"end":{"line":41,"column":4}}},"6":{"name":"getAmountOut","line":44,"loc":{"start":{"line":44,"column":4},"end":{"line":51,"column":4}}},"7":{"name":"getAmountsOut","line":55,"loc":{"start":{"line":55,"column":4},"end":{"line":63,"column":4}}}},"statementMap":{"1":{"start":{"line":7,"column":8},"end":{"line":7,"column":56}},"2":{"start":{"line":11,"column":8},"end":{"line":11,"column":70}},"3":{"start":{"line":20,"column":8},"end":{"line":20,"column":73}},"4":{"start":{"line":21,"column":8},"end":{"line":21,"column":79}},"5":{"start":{"line":22,"column":8},"end":{"line":22,"column":70}},"6":{"start":{"line":27,"column":8},"end":{"line":27,"column":69}},"7":{"start":{"line":28,"column":8},"end":{"line":28,"column":1165}},"8":{"start":{"line":38,"column":8},"end":{"line":38,"column":54}},"9":{"start":{"line":39,"column":8},"end":{"line":39,"column":104}},"10":{"start":{"line":40,"column":8},"end":{"line":40,"column":92}},"11":{"start":{"line":45,"column":8},"end":{"line":45,"column":75}},"12":{"start":{"line":46,"column":8},"end":{"line":46,"column":91}},"13":{"start":{"line":47,"column":8},"end":{"line":47,"column":48}},"14":{"start":{"line":48,"column":8},"end":{"line":48,"column":56}},"15":{"start":{"line":49,"column":8},"end":{"line":49,"column":67}},"16":{"start":{"line":50,"column":8},"end":{"line":50,"column":42}},"17":{"start":{"line":56,"column":8},"end":{"line":56,"column":66}},"18":{"start":{"line":57,"column":8},"end":{"line":57,"column":40}},"19":{"start":{"line":58,"column":8},"end":{"line":58,"column":28}},"20":{"start":{"line":59,"column":8},"end":{"line":59,"column":2872}},"21":{"start":{"line":60,"column":12},"end":{"line":60,"column":90}},"22":{"start":{"line":61,"column":12},"end":{"line":61,"column":75}}},"branchMap":{"1":{"line":7,"type":"if","locations":[{"start":{"line":7,"column":8},"end":{"line":7,"column":8}},{"start":{"line":7,"column":8},"end":{"line":7,"column":8}}]},"2":{"line":11,"type":"if","locations":[{"start":{"line":11,"column":8},"end":{"line":11,"column":8}},{"start":{"line":11,"column":8},"end":{"line":11,"column":8}}]},"3":{"line":20,"type":"if","locations":[{"start":{"line":20,"column":8},"end":{"line":20,"column":8}},{"start":{"line":20,"column":8},"end":{"line":20,"column":8}}]},"4":{"line":22,"type":"if","locations":[{"start":{"line":22,"column":8},"end":{"line":22,"column":8}},{"start":{"line":22,"column":8},"end":{"line":22,"column":8}}]},"5":{"line":45,"type":"if","locations":[{"start":{"line":45,"column":8},"end":{"line":45,"column":8}},{"start":{"line":45,"column":8},"end":{"line":45,"column":8}}]},"6":{"line":46,"type":"if","locations":[{"start":{"line":46,"column":8},"end":{"line":46,"column":8}},{"start":{"line":46,"column":8},"end":{"line":46,"column":8}}]},"7":{"line":56,"type":"if","locations":[{"start":{"line":56,"column":8},"end":{"line":56,"column":8}},{"start":{"line":56,"column":8},"end":{"line":56,"column":8}}]}}},"contracts/interfaces/IRariDataProvider.sol":{"l":{},"path":"/Users/tejrajjadeja/rari-tanks/contracts/interfaces/IRariDataProvider.sol","s":{},"b":{},"f":{},"fnMap":{},"statementMap":{},"branchMap":{}},"contracts/interfaces/IRariFundTank.sol":{"l":{},"path":"/Users/tejrajjadeja/rari-tanks/contracts/interfaces/IRariFundTank.sol","s":{},"b":{},"f":{},"fnMap":{},"statementMap":{},"branchMap":{}},"contracts/interfaces/IRariTankToken.sol":{"l":{},"path":"/Users/tejrajjadeja/rari-tanks/contracts/interfaces/IRariTankToken.sol","s":{},"b":{},"f":{},"fnMap":{},"statementMap":{},"branchMap":{}},"contracts/lib/CompoundPoolController.sol":{"l":{"30":2,"32":2,"33":2,"34":2,"37":2,"40":2,"41":2,"44":2,"45":2,"46":2,"48":2,"57":1,"59":1,"60":1,"69":1,"72":1,"73":1,"77":1,"78":1,"79":1,"81":1,"88":3,"92":0,"100":9,"101":3,"102":0,"103":0},"path":"/Users/tejrajjadeja/rari-tanks/contracts/lib/CompoundPoolController.sol","s":{"1":2,"2":2,"3":2,"4":2,"5":2,"6":2,"7":2,"8":2,"9":2,"10":2,"11":2,"12":1,"13":1,"14":1,"15":1,"16":1,"17":1,"18":1,"19":1,"20":1,"21":1,"22":3,"23":0,"24":9,"25":6,"26":3,"27":3,"28":0,"29":0,"30":0,"31":0,"32":0},"b":{"1":[2,0],"2":[2,0],"3":[2,0],"4":[1,0],"5":[1,0],"6":[1,0],"7":[1,0],"8":[6,3],"9":[3,0],"10":[0,0],"11":[0,0]},"f":{"1":2,"2":1,"3":1,"4":1,"5":3,"6":0,"7":9},"fnMap":{"1":{"name":"deposit","line":26,"loc":{"start":{"line":26,"column":4},"end":{"line":49,"column":4}}},"2":{"name":"withdraw","line":56,"loc":{"start":{"line":56,"column":4},"end":{"line":61,"column":4}}},"3":{"name":"borrow","line":68,"loc":{"start":{"line":68,"column":4},"end":{"line":74,"column":4}}},"4":{"name":"repayBorrow","line":76,"loc":{"start":{"line":76,"column":4},"end":{"line":82,"column":4}}},"5":{"name":"balanceOfUnderlying","line":87,"loc":{"start":{"line":87,"column":4},"end":{"line":89,"column":4}}},"6":{"name":"borrowBalanceCurrent","line":91,"loc":{"start":{"line":91,"column":4},"end":{"line":93,"column":4}}},"7":{"name":"getCErc20Contract","line":99,"loc":{"start":{"line":99,"column":4},"end":{"line":105,"column":4}}}},"statementMap":{"1":{"start":{"line":30,"column":8},"end":{"line":30,"column":83}},"2":{"start":{"line":32,"column":8},"end":{"line":32,"column":62}},"3":{"start":{"line":33,"column":8},"end":{"line":33,"column":48}},"4":{"start":{"line":34,"column":8},"end":{"line":34,"column":68}},"5":{"start":{"line":37,"column":8},"end":{"line":37,"column":57}},"6":{"start":{"line":40,"column":8},"end":{"line":40,"column":43}},"7":{"start":{"line":41,"column":8},"end":{"line":41,"column":48}},"8":{"start":{"line":44,"column":8},"end":{"line":44,"column":51}},"9":{"start":{"line":45,"column":8},"end":{"line":45,"column":34}},"10":{"start":{"line":46,"column":8},"end":{"line":46,"column":67}},"11":{"start":{"line":48,"column":8},"end":{"line":48,"column":70}},"12":{"start":{"line":57,"column":8},"end":{"line":57,"column":63}},"13":{"start":{"line":59,"column":8},"end":{"line":59,"column":55}},"14":{"start":{"line":60,"column":8},"end":{"line":60,"column":75}},"15":{"start":{"line":69,"column":8},"end":{"line":69,"column":83}},"16":{"start":{"line":72,"column":8},"end":{"line":72,"column":77}},"17":{"start":{"line":73,"column":8},"end":{"line":73,"column":75}},"18":{"start":{"line":77,"column":8},"end":{"line":77,"column":62}},"19":{"start":{"line":78,"column":8},"end":{"line":78,"column":57}},"20":{"start":{"line":79,"column":8},"end":{"line":79,"column":82}},"21":{"start":{"line":81,"column":8},"end":{"line":81,"column":74}},"22":{"start":{"line":88,"column":8},"end":{"line":88,"column":88}},"23":{"start":{"line":92,"column":8},"end":{"line":92,"column":89}},"24":{"start":{"line":100,"column":8},"end":{"line":100,"column":119}},"25":{"start":{"line":100,"column":70},"end":{"line":100,"column":119}},"26":{"start":{"line":101,"column":8},"end":{"line":101,"column":119}},"27":{"start":{"line":101,"column":70},"end":{"line":101,"column":119}},"28":{"start":{"line":102,"column":8},"end":{"line":102,"column":119}},"29":{"start":{"line":102,"column":70},"end":{"line":102,"column":119}},"30":{"start":{"line":103,"column":8},"end":{"line":103,"column":4306}},"31":{"start":{"line":103,"column":70},"end":{"line":103,"column":119}},"32":{"start":{"line":104,"column":13},"end":{"line":104,"column":103}}},"branchMap":{"1":{"line":30,"type":"if","locations":[{"start":{"line":30,"column":8},"end":{"line":30,"column":8}},{"start":{"line":30,"column":8},"end":{"line":30,"column":8}}]},"2":{"line":41,"type":"if","locations":[{"start":{"line":41,"column":8},"end":{"line":41,"column":8}},{"start":{"line":41,"column":8},"end":{"line":41,"column":8}}]},"3":{"line":48,"type":"if","locations":[{"start":{"line":48,"column":8},"end":{"line":48,"column":8}},{"start":{"line":48,"column":8},"end":{"line":48,"column":8}}]},"4":{"line":60,"type":"if","locations":[{"start":{"line":60,"column":8},"end":{"line":60,"column":8}},{"start":{"line":60,"column":8},"end":{"line":60,"column":8}}]},"5":{"line":69,"type":"if","locations":[{"start":{"line":69,"column":8},"end":{"line":69,"column":8}},{"start":{"line":69,"column":8},"end":{"line":69,"column":8}}]},"6":{"line":73,"type":"if","locations":[{"start":{"line":73,"column":8},"end":{"line":73,"column":8}},{"start":{"line":73,"column":8},"end":{"line":73,"column":8}}]},"7":{"line":81,"type":"if","locations":[{"start":{"line":81,"column":8},"end":{"line":81,"column":8}},{"start":{"line":81,"column":8},"end":{"line":81,"column":8}}]},"8":{"line":100,"type":"if","locations":[{"start":{"line":100,"column":8},"end":{"line":100,"column":8}},{"start":{"line":100,"column":8},"end":{"line":100,"column":8}}]},"9":{"line":101,"type":"if","locations":[{"start":{"line":101,"column":8},"end":{"line":101,"column":8}},{"start":{"line":101,"column":8},"end":{"line":101,"column":8}}]},"10":{"line":102,"type":"if","locations":[{"start":{"line":102,"column":8},"end":{"line":102,"column":8}},{"start":{"line":102,"column":8},"end":{"line":102,"column":8}}]},"11":{"line":103,"type":"if","locations":[{"start":{"line":103,"column":8},"end":{"line":103,"column":8}},{"start":{"line":103,"column":8},"end":{"line":103,"column":8}}]}}},"contracts/lib/RariPoolController.sol":{"l":{"19":1,"20":1,"24":2,"28":4},"path":"/Users/tejrajjadeja/rari-tanks/contracts/lib/RariPoolController.sol","s":{"1":1,"2":1,"3":2,"4":4},"b":{},"f":{"1":1,"2":2,"3":4},"fnMap":{"1":{"name":"deposit","line":14,"loc":{"start":{"line":14,"column":4},"end":{"line":21,"column":4}}},"2":{"name":"withdraw","line":23,"loc":{"start":{"line":23,"column":4},"end":{"line":25,"column":4}}},"3":{"name":"getUSDBalance","line":27,"loc":{"start":{"line":27,"column":4},"end":{"line":29,"column":4}}}},"statementMap":{"1":{"start":{"line":19,"column":8},"end":{"line":19,"column":58}},"2":{"start":{"line":20,"column":8},"end":{"line":20,"column":70}},"3":{"start":{"line":24,"column":8},"end":{"line":24,"column":71}},"4":{"start":{"line":28,"column":8},"end":{"line":28,"column":73}}},"branchMap":{}},"contracts/lib/UniswapController.sol":{"l":{"19":1,"20":1,"22":1,"23":1,"24":1,"25":1,"27":1,"31":1,"32":1,"33":1,"34":1,"36":1,"38":1,"40":1},"path":"/Users/tejrajjadeja/rari-tanks/contracts/lib/UniswapController.sol","s":{"1":1,"2":1,"3":1,"4":1,"5":1,"6":1,"7":1,"8":1,"9":1,"10":1,"11":1,"12":1,"13":1,"14":1},"b":{"1":[1,0],"2":[1,0]},"f":{"1":1,"2":1},"fnMap":{"1":{"name":"swapTokens","line":15,"loc":{"start":{"line":15,"column":4},"end":{"line":28,"column":4}}},"2":{"name":"swap","line":30,"loc":{"start":{"line":30,"column":4},"end":{"line":47,"column":4}}}},"statementMap":{"1":{"start":{"line":19,"column":8},"end":{"line":19,"column":67}},"2":{"start":{"line":20,"column":8},"end":{"line":20,"column":78}},"3":{"start":{"line":22,"column":8},"end":{"line":22,"column":88}},"4":{"start":{"line":23,"column":8},"end":{"line":23,"column":74}},"5":{"start":{"line":24,"column":8},"end":{"line":24,"column":53}},"6":{"start":{"line":25,"column":8},"end":{"line":25,"column":26}},"7":{"start":{"line":27,"column":8},"end":{"line":27,"column":25}},"8":{"start":{"line":31,"column":8},"end":{"line":31,"column":1084}},"9":{"start":{"line":32,"column":12},"end":{"line":32,"column":68}},"10":{"start":{"line":33,"column":12},"end":{"line":33,"column":75}},"11":{"start":{"line":34,"column":12},"end":{"line":34,"column":46}},"12":{"start":{"line":36,"column":12},"end":{"line":36,"column":122}},"13":{"start":{"line":38,"column":12},"end":{"line":38,"column":117}},"14":{"start":{"line":40,"column":12},"end":{"line":40,"column":1643}}},"branchMap":{"1":{"line":19,"type":"if","locations":[{"start":{"line":19,"column":8},"end":{"line":19,"column":8}},{"start":{"line":19,"column":8},"end":{"line":19,"column":8}}]},"2":{"line":20,"type":"if","locations":[{"start":{"line":20,"column":8},"end":{"line":20,"column":8}},{"start":{"line":20,"column":8},"end":{"line":20,"column":8}}]}}},"contracts/RariDataProvider.sol":{"l":{"28":0,"29":2,"30":2,"34":2,"36":2,"37":2,"39":2,"51":2,"52":2,"55":2,"56":2,"65":2,"66":0,"68":0,"77":0,"78":0,"86":0,"94":1,"103":2,"104":2,"113":2,"115":4,"117":3,"119":0},"path":"/Users/tejrajjadeja/rari-tanks/contracts/RariDataProvider.sol","s":{"1":0,"2":2,"3":2,"4":2,"5":2,"6":2,"7":2,"8":2,"9":2,"10":2,"11":2,"12":2,"13":0,"14":0,"15":0,"16":0,"17":0,"18":1,"19":2,"20":2,"21":2,"22":7,"23":4,"24":3,"25":3,"26":0,"27":0,"28":0,"29":0},"b":{"1":[7,7],"2":[3,3],"3":[0,0],"4":[0,0]},"f":{"1":0,"2":2,"3":2,"4":0,"5":0,"6":1,"7":2,"8":2},"fnMap":{"1":{"name":"getMaxUSDBorrowAmount","line":24,"loc":{"start":{"line":24,"column":4},"end":{"line":40,"column":4}}},"2":{"name":"getUSDToUnderlying","line":47,"loc":{"start":{"line":47,"column":4},"end":{"line":57,"column":4}}},"3":{"name":"getUnderlyingToCTokens","line":64,"loc":{"start":{"line":64,"column":4},"end":{"line":69,"column":4}}},"4":{"name":"getCTokensToUnderlying","line":76,"loc":{"start":{"line":76,"column":4},"end":{"line":79,"column":4}}},"5":{"name":"borrowBalanceCurrent","line":85,"loc":{"start":{"line":85,"column":4},"end":{"line":87,"column":4}}},"6":{"name":"getUnderlyingPrice","line":93,"loc":{"start":{"line":93,"column":4},"end":{"line":95,"column":4}}},"7":{"name":"getPrice","line":102,"loc":{"start":{"line":102,"column":4},"end":{"line":105,"column":4}}},"8":{"name":"getCErc20Contract","line":111,"loc":{"start":{"line":111,"column":4},"end":{"line":122,"column":4}}}},"statementMap":{"1":{"start":{"line":28,"column":8},"end":{"line":28,"column":68}},"2":{"start":{"line":29,"column":8},"end":{"line":29,"column":62}},"3":{"start":{"line":30,"column":8},"end":{"line":30,"column":60}},"4":{"start":{"line":34,"column":8},"end":{"line":34,"column":68}},"5":{"start":{"line":36,"column":8},"end":{"line":36,"column":56}},"6":{"start":{"line":37,"column":8},"end":{"line":37,"column":84}},"7":{"start":{"line":39,"column":8},"end":{"line":39,"column":65}},"8":{"start":{"line":51,"column":8},"end":{"line":51,"column":62}},"9":{"start":{"line":52,"column":8},"end":{"line":52,"column":60}},"10":{"start":{"line":55,"column":8},"end":{"line":55,"column":78}},"11":{"start":{"line":56,"column":8},"end":{"line":56,"column":57}},"12":{"start":{"line":65,"column":8},"end":{"line":65,"column":91}},"13":{"start":{"line":66,"column":8},"end":{"line":66,"column":63}},"14":{"start":{"line":68,"column":8},"end":{"line":68,"column":25}},"15":{"start":{"line":77,"column":8},"end":{"line":77,"column":91}},"16":{"start":{"line":78,"column":8},"end":{"line":78,"column":49}},"17":{"start":{"line":86,"column":8},"end":{"line":86,"column":86}},"18":{"start":{"line":94,"column":8},"end":{"line":94,"column":94}},"19":{"start":{"line":103,"column":8},"end":{"line":103,"column":54}},"20":{"start":{"line":104,"column":8},"end":{"line":104,"column":42}},"21":{"start":{"line":113,"column":8},"end":{"line":113,"column":119}},"22":{"start":{"line":113,"column":70},"end":{"line":113,"column":119}},"23":{"start":{"line":115,"column":8},"end":{"line":115,"column":119}},"24":{"start":{"line":115,"column":70},"end":{"line":115,"column":119}},"25":{"start":{"line":117,"column":8},"end":{"line":117,"column":119}},"26":{"start":{"line":117,"column":70},"end":{"line":117,"column":119}},"27":{"start":{"line":119,"column":8},"end":{"line":119,"column":5067}},"28":{"start":{"line":119,"column":70},"end":{"line":119,"column":119}},"29":{"start":{"line":121,"column":13},"end":{"line":121,"column":103}}},"branchMap":{"1":{"line":113,"type":"if","locations":[{"start":{"line":113,"column":8},"end":{"line":113,"column":8}},{"start":{"line":113,"column":8},"end":{"line":113,"column":8}}]},"2":{"line":115,"type":"if","locations":[{"start":{"line":115,"column":8},"end":{"line":115,"column":8}},{"start":{"line":115,"column":8},"end":{"line":115,"column":8}}]},"3":{"line":117,"type":"if","locations":[{"start":{"line":117,"column":8},"end":{"line":117,"column":8}},{"start":{"line":117,"column":8},"end":{"line":117,"column":8}}]},"4":{"line":119,"type":"if","locations":[{"start":{"line":119,"column":8},"end":{"line":119,"column":8}},{"start":{"line":119,"column":8},"end":{"line":119,"column":8}}]}}},"contracts/RariFundController.sol":{"l":{"41":6,"42":6,"43":6,"47":4,"51":4,"55":3,"59":3,"73":2,"80":2,"81":2,"83":2,"91":3,"92":3,"107":3,"109":3,"110":2,"118":1,"119":1,"121":1,"128":3,"129":3,"136":1},"path":"/Users/tejrajjadeja/rari-tanks/contracts/RariFundController.sol","s":{"1":6,"2":6,"3":6,"4":4,"5":3,"6":2,"7":2,"8":2,"9":2,"10":3,"11":3,"12":3,"13":0,"14":3,"15":3,"16":2,"17":1,"18":1,"19":1,"20":3,"21":3,"22":1},"b":{"1":[4,0],"2":[3,0],"3":[3,0]},"f":{"1":6,"2":4,"3":3,"4":2,"5":3,"6":3,"7":1,"8":3,"9":1},"fnMap":{"1":{"name":"constructor","line":36,"loc":{"start":{"line":36,"column":4},"end":{"line":44,"column":4}}},"2":{"name":"onlyRariFundManager","line":46,"loc":{"start":{"line":46,"column":4},"end":{"line":52,"column":4}}},"3":{"name":"onlyFundRebalancer","line":54,"loc":{"start":{"line":54,"column":4},"end":{"line":60,"column":4}}},"4":{"name":"newTank","line":71,"loc":{"start":{"line":66,"column":4},"end":{"line":84,"column":4}}},"5":{"name":"getTank","line":90,"loc":{"start":{"line":90,"column":4},"end":{"line":94,"column":4}}},"6":{"name":"deposit","line":106,"loc":{"start":{"line":102,"column":4},"end":{"line":111,"column":4}}},"7":{"name":"withdraw","line":117,"loc":{"start":{"line":113,"column":4},"end":{"line":122,"column":4}}},"8":{"name":"rebalance","line":127,"loc":{"start":{"line":127,"column":4},"end":{"line":130,"column":4}}},"9":{"name":"getDormantFunds","line":135,"loc":{"start":{"line":135,"column":4},"end":{"line":137,"column":4}}}},"statementMap":{"1":{"start":{"line":41,"column":8},"end":{"line":41,"column":41}},"2":{"start":{"line":42,"column":8},"end":{"line":42,"column":39}},"3":{"start":{"line":43,"column":8},"end":{"line":43,"column":43}},"4":{"start":{"line":47,"column":8},"end":{"line":47,"column":1324}},"5":{"start":{"line":55,"column":8},"end":{"line":55,"column":1530}},"6":{"start":{"line":73,"column":8},"end":{"line":73,"column":2088}},"7":{"start":{"line":80,"column":8},"end":{"line":80,"column":40}},"8":{"start":{"line":81,"column":8},"end":{"line":81,"column":56}},"9":{"start":{"line":83,"column":8},"end":{"line":83,"column":28}},"10":{"start":{"line":91,"column":8},"end":{"line":91,"column":56}},"11":{"start":{"line":92,"column":8},"end":{"line":92,"column":2802}},"12":{"start":{"line":92,"column":32},"end":{"line":92,"column":43}},"13":{"start":{"line":93,"column":13},"end":{"line":93,"column":60}},"14":{"start":{"line":107,"column":8},"end":{"line":107,"column":64}},"15":{"start":{"line":109,"column":8},"end":{"line":109,"column":76}},"16":{"start":{"line":110,"column":8},"end":{"line":110,"column":58}},"17":{"start":{"line":118,"column":8},"end":{"line":118,"column":64}},"18":{"start":{"line":119,"column":8},"end":{"line":119,"column":3729}},"19":{"start":{"line":121,"column":8},"end":{"line":121,"column":58}},"20":{"start":{"line":128,"column":8},"end":{"line":128,"column":75}},"21":{"start":{"line":129,"column":8},"end":{"line":129,"column":23}},"22":{"start":{"line":136,"column":8},"end":{"line":136,"column":81}}},"branchMap":{"1":{"line":47,"type":"if","locations":[{"start":{"line":47,"column":8},"end":{"line":47,"column":8}},{"start":{"line":47,"column":8},"end":{"line":47,"column":8}}]},"2":{"line":55,"type":"if","locations":[{"start":{"line":55,"column":8},"end":{"line":55,"column":8}},{"start":{"line":55,"column":8},"end":{"line":55,"column":8}}]},"3":{"line":92,"type":"if","locations":[{"start":{"line":92,"column":8},"end":{"line":92,"column":8}},{"start":{"line":92,"column":8},"end":{"line":92,"column":8}}]}}},"contracts/RariFundManager.sol":{"l":{"35":6,"36":6,"37":6,"51":18,"52":18,"53":18,"54":18,"65":2,"66":2,"70":4,"72":4,"73":3,"77":1,"79":1,"80":1},"path":"/Users/tejrajjadeja/rari-tanks/contracts/RariFundManager.sol","s":{"1":6,"2":6,"3":6,"4":18,"5":18,"6":18,"7":18,"8":2,"9":2,"10":4,"11":4,"12":3,"13":1,"14":1,"15":1},"b":{"1":[3,1],"2":[1,0]},"f":{"1":6,"2":18,"3":2,"4":4,"5":1},"fnMap":{"1":{"name":"constructor","line":34,"loc":{"start":{"line":34,"column":4},"end":{"line":38,"column":4}}},"2":{"name":"addSupportedCurrency","line":46,"loc":{"start":{"line":46,"column":4},"end":{"line":55,"column":4}}},"3":{"name":"setRariFundController","line":63,"loc":{"start":{"line":61,"column":4},"end":{"line":67,"column":4}}},"4":{"name":"deposit","line":69,"loc":{"start":{"line":69,"column":4},"end":{"line":74,"column":4}}},"5":{"name":"withdraw","line":76,"loc":{"start":{"line":76,"column":4},"end":{"line":81,"column":4}}}},"statementMap":{"1":{"start":{"line":35,"column":8},"end":{"line":35,"column":82}},"2":{"start":{"line":36,"column":8},"end":{"line":36,"column":82}},"3":{"start":{"line":37,"column":8},"end":{"line":37,"column":82}},"4":{"start":{"line":51,"column":8},"end":{"line":51,"column":65}},"5":{"start":{"line":52,"column":8},"end":{"line":52,"column":45}},"6":{"start":{"line":53,"column":8},"end":{"line":53,"column":56}},"7":{"start":{"line":54,"column":8},"end":{"line":54,"column":48}},"8":{"start":{"line":65,"column":8},"end":{"line":65,"column":63}},"9":{"start":{"line":66,"column":8},"end":{"line":66,"column":75}},"10":{"start":{"line":70,"column":8},"end":{"line":70,"column":63}},"11":{"start":{"line":72,"column":8},"end":{"line":72,"column":85}},"12":{"start":{"line":73,"column":8},"end":{"line":73,"column":68}},"13":{"start":{"line":77,"column":8},"end":{"line":77,"column":63}},"14":{"start":{"line":79,"column":8},"end":{"line":79,"column":85}},"15":{"start":{"line":80,"column":8},"end":{"line":80,"column":69}}},"branchMap":{"1":{"line":72,"type":"if","locations":[{"start":{"line":72,"column":8},"end":{"line":72,"column":8}},{"start":{"line":72,"column":8},"end":{"line":72,"column":8}}]},"2":{"line":79,"type":"if","locations":[{"start":{"line":79,"column":8},"end":{"line":79,"column":8}},{"start":{"line":79,"column":8},"end":{"line":79,"column":8}}]}}},"contracts/RariFundTank.sol":{"l":{"57":2,"58":2,"59":2,"60":2,"61":2,"63":2,"90":2,"95":2,"96":2,"97":2,"98":2,"100":2,"109":1,"110":1,"112":1,"113":1,"115":1,"119":1,"120":1,"122":1,"129":3,"130":3,"132":3,"133":2,"135":3,"136":3,"138":3,"139":3,"140":3,"147":3,"148":3,"153":3,"155":3,"156":1,"164":1,"165":1,"166":1,"167":0,"170":1,"171":1,"179":1,"183":1,"185":1,"186":1,"189":1,"198":1,"201":1,"203":1,"207":1,"208":1,"209":1,"211":1,"212":1,"220":1,"221":1,"222":1,"230":0,"231":0,"232":0,"236":1,"237":1,"238":1,"239":1},"path":"/Users/tejrajjadeja/rari-tanks/contracts/RariFundTank.sol","s":{"1":2,"2":2,"3":2,"4":2,"5":2,"6":2,"7":2,"8":2,"9":2,"10":2,"11":2,"12":2,"13":1,"14":1,"15":1,"16":1,"17":1,"18":1,"19":1,"20":1,"21":3,"22":3,"23":3,"24":2,"25":3,"26":1,"27":3,"28":1,"29":3,"30":3,"31":3,"32":3,"33":2,"34":1,"35":1,"36":1,"37":1,"38":0,"39":1,"40":1,"41":1,"42":1,"43":1,"44":1,"45":1,"46":1,"47":0,"48":0,"49":1,"50":0,"51":1,"52":1,"53":1,"54":1,"55":1,"56":0,"57":1,"58":1,"59":1,"60":1,"61":1,"62":0,"63":0,"64":0,"65":1,"66":1,"67":1,"68":1},"b":{"1":[2,0],"2":[1,0],"3":[2,1],"4":[1,2],"5":[1,2],"6":[2,1],"7":[0,1],"8":[1,0],"9":[0,0],"10":[0,1],"11":[0,1]},"f":{"1":2,"2":2,"3":1,"4":3,"5":3,"6":1,"7":1,"8":1,"9":1,"10":0,"11":1},"fnMap":{"1":{"name":"constructor","line":56,"loc":{"start":{"line":50,"column":4},"end":{"line":64,"column":4}}},"2":{"name":"deposit","line":89,"loc":{"start":{"line":89,"column":4},"end":{"line":101,"column":4}}},"3":{"name":"withdraw","line":106,"loc":{"start":{"line":103,"column":4},"end":{"line":123,"column":4}}},"4":{"name":"rebalance","line":128,"loc":{"start":{"line":128,"column":4},"end":{"line":141,"column":4}}},"5":{"name":"getTokenExchangeRate","line":146,"loc":{"start":{"line":146,"column":4},"end":{"line":157,"column":4}}},"6":{"name":"split","line":163,"loc":{"start":{"line":163,"column":4},"end":{"line":172,"column":4}}},"7":{"name":"depositUnusedFunds","line":177,"loc":{"start":{"line":177,"column":4},"end":{"line":191,"column":4}}},"8":{"name":"_withdraw","line":197,"loc":{"start":{"line":197,"column":4},"end":{"line":213,"column":4}}},"9":{"name":"borrow","line":215,"loc":{"start":{"line":215,"column":4},"end":{"line":223,"column":4}}},"10":{"name":"redeem","line":225,"loc":{"start":{"line":225,"column":4},"end":{"line":233,"column":4}}},"11":{"name":"swapInterestForUnderlying","line":235,"loc":{"start":{"line":235,"column":4},"end":{"line":240,"column":4}}}},"statementMap":{"1":{"start":{"line":57,"column":8},"end":{"line":57,"column":39}},"2":{"start":{"line":58,"column":8},"end":{"line":58,"column":27}},"3":{"start":{"line":59,"column":8},"end":{"line":59,"column":33}},"4":{"start":{"line":60,"column":8},"end":{"line":60,"column":62}},"5":{"start":{"line":61,"column":8},"end":{"line":61,"column":37}},"6":{"start":{"line":63,"column":8},"end":{"line":63,"column":50}},"7":{"start":{"line":90,"column":8},"end":{"line":90,"column":3141}},"8":{"start":{"line":95,"column":8},"end":{"line":95,"column":40}},"9":{"start":{"line":96,"column":8},"end":{"line":96,"column":53}},"10":{"start":{"line":97,"column":8},"end":{"line":97,"column":81}},"11":{"start":{"line":98,"column":8},"end":{"line":98,"column":62}},"12":{"start":{"line":100,"column":8},"end":{"line":100,"column":35}},"13":{"start":{"line":109,"column":8},"end":{"line":109,"column":40}},"14":{"start":{"line":110,"column":8},"end":{"line":110,"column":53}},"15":{"start":{"line":112,"column":8},"end":{"line":112,"column":76}},"16":{"start":{"line":113,"column":8},"end":{"line":113,"column":83}},"17":{"start":{"line":115,"column":8},"end":{"line":115,"column":4021}},"18":{"start":{"line":119,"column":8},"end":{"line":119,"column":24}},"19":{"start":{"line":120,"column":8},"end":{"line":120,"column":55}},"20":{"start":{"line":122,"column":8},"end":{"line":122,"column":47}},"21":{"start":{"line":129,"column":8},"end":{"line":129,"column":22}},"22":{"start":{"line":130,"column":8},"end":{"line":130,"column":71}},"23":{"start":{"line":132,"column":8},"end":{"line":132,"column":4601}},"24":{"start":{"line":133,"column":12},"end":{"line":133,"column":71}},"25":{"start":{"line":135,"column":8},"end":{"line":135,"column":39}},"26":{"start":{"line":135,"column":26},"end":{"line":135,"column":38}},"27":{"start":{"line":136,"column":8},"end":{"line":136,"column":62}},"28":{"start":{"line":136,"column":36},"end":{"line":136,"column":61}},"29":{"start":{"line":147,"column":8},"end":{"line":147,"column":40}},"30":{"start":{"line":148,"column":8},"end":{"line":148,"column":5097}},"31":{"start":{"line":153,"column":8},"end":{"line":153,"column":65}},"32":{"start":{"line":155,"column":8},"end":{"line":155,"column":57}},"33":{"start":{"line":155,"column":46},"end":{"line":155,"column":57}},"34":{"start":{"line":156,"column":8},"end":{"line":156,"column":49}},"35":{"start":{"line":164,"column":8},"end":{"line":164,"column":50}},"36":{"start":{"line":165,"column":8},"end":{"line":165,"column":61}},"37":{"start":{"line":166,"column":8},"end":{"line":166,"column":5755}},"38":{"start":{"line":167,"column":12},"end":{"line":167,"column":18}},"39":{"start":{"line":170,"column":8},"end":{"line":170,"column":64}},"40":{"start":{"line":171,"column":8},"end":{"line":171,"column":61}},"41":{"start":{"line":179,"column":8},"end":{"line":179,"column":73}},"42":{"start":{"line":183,"column":8},"end":{"line":183,"column":108}},"43":{"start":{"line":185,"column":8},"end":{"line":185,"column":103}},"44":{"start":{"line":186,"column":8},"end":{"line":186,"column":82}},"45":{"start":{"line":189,"column":8},"end":{"line":189,"column":6747}},"46":{"start":{"line":189,"column":42},"end":{"line":189,"column":104}},"47":{"start":{"line":190,"column":13},"end":{"line":190,"column":109}},"48":{"start":{"line":190,"column":46},"end":{"line":190,"column":108}},"49":{"start":{"line":198,"column":8},"end":{"line":198,"column":48}},"50":{"start":{"line":198,"column":42},"end":{"line":198,"column":48}},"51":{"start":{"line":201,"column":8},"end":{"line":201,"column":7156}},"52":{"start":{"line":203,"column":8},"end":{"line":203,"column":7274}},"53":{"start":{"line":207,"column":8},"end":{"line":207,"column":55}},"54":{"start":{"line":208,"column":8},"end":{"line":208,"column":70}},"55":{"start":{"line":209,"column":8},"end":{"line":209,"column":56}},"56":{"start":{"line":209,"column":35},"end":{"line":209,"column":55}},"57":{"start":{"line":211,"column":8},"end":{"line":211,"column":67}},"58":{"start":{"line":212,"column":8},"end":{"line":212,"column":62}},"59":{"start":{"line":220,"column":8},"end":{"line":220,"column":59}},"60":{"start":{"line":221,"column":8},"end":{"line":221,"column":70}},"61":{"start":{"line":222,"column":8},"end":{"line":222,"column":44}},"62":{"start":{"line":230,"column":8},"end":{"line":230,"column":56}},"63":{"start":{"line":231,"column":8},"end":{"line":231,"column":64}},"64":{"start":{"line":232,"column":8},"end":{"line":232,"column":44}},"65":{"start":{"line":236,"column":8},"end":{"line":236,"column":48}},"66":{"start":{"line":237,"column":8},"end":{"line":237,"column":28}},"67":{"start":{"line":238,"column":8},"end":{"line":238,"column":31}},"68":{"start":{"line":239,"column":8},"end":{"line":239,"column":57}}},"branchMap":{"1":{"line":90,"type":"if","locations":[{"start":{"line":90,"column":8},"end":{"line":90,"column":8}},{"start":{"line":90,"column":8},"end":{"line":90,"column":8}}]},"2":{"line":115,"type":"if","locations":[{"start":{"line":115,"column":8},"end":{"line":115,"column":8}},{"start":{"line":115,"column":8},"end":{"line":115,"column":8}}]},"3":{"line":132,"type":"if","locations":[{"start":{"line":132,"column":8},"end":{"line":132,"column":8}},{"start":{"line":132,"column":8},"end":{"line":132,"column":8}}]},"4":{"line":135,"type":"if","locations":[{"start":{"line":135,"column":8},"end":{"line":135,"column":8}},{"start":{"line":135,"column":8},"end":{"line":135,"column":8}}]},"5":{"line":136,"type":"if","locations":[{"start":{"line":136,"column":8},"end":{"line":136,"column":8}},{"start":{"line":136,"column":8},"end":{"line":136,"column":8}}]},"6":{"line":155,"type":"if","locations":[{"start":{"line":155,"column":8},"end":{"line":155,"column":8}},{"start":{"line":155,"column":8},"end":{"line":155,"column":8}}]},"7":{"line":166,"type":"if","locations":[{"start":{"line":166,"column":8},"end":{"line":166,"column":8}},{"start":{"line":166,"column":8},"end":{"line":166,"column":8}}]},"8":{"line":189,"type":"if","locations":[{"start":{"line":189,"column":8},"end":{"line":189,"column":8}},{"start":{"line":189,"column":8},"end":{"line":189,"column":8}}]},"9":{"line":190,"type":"if","locations":[{"start":{"line":190,"column":13},"end":{"line":190,"column":13}},{"start":{"line":190,"column":13},"end":{"line":190,"column":13}}]},"10":{"line":198,"type":"if","locations":[{"start":{"line":198,"column":8},"end":{"line":198,"column":8}},{"start":{"line":198,"column":8},"end":{"line":198,"column":8}}]},"11":{"line":209,"type":"if","locations":[{"start":{"line":209,"column":8},"end":{"line":209,"column":8}},{"start":{"line":209,"column":8},"end":{"line":209,"column":8}}]}}},"contracts/RariTankToken.sol":{"l":{"14":0,"15":2,"21":6,"25":2},"path":"/Users/tejrajjadeja/rari-tanks/contracts/RariTankToken.sol","s":{"1":2,"2":2,"3":2},"b":{"1":[2,0]},"f":{"1":0,"2":2,"3":2,"4":2},"fnMap":{"1":{"name":"onlyFundTank","line":13,"loc":{"start":{"line":13,"column":4},"end":{"line":16,"column":4}}},"2":{"name":"constructor","line":18,"loc":{"start":{"line":18,"column":4},"end":{"line":18,"column":79}}},"3":{"name":"initialize","line":20,"loc":{"start":{"line":20,"column":4},"end":{"line":22,"column":4}}},"4":{"name":"mint","line":24,"loc":{"start":{"line":24,"column":4},"end":{"line":26,"column":4}}}},"statementMap":{"1":{"start":{"line":14,"column":8},"end":{"line":14,"column":73}},"2":{"start":{"line":21,"column":8},"end":{"line":21,"column":32}},"3":{"start":{"line":25,"column":8},"end":{"line":25,"column":29}}},"branchMap":{"1":{"line":14,"type":"if","locations":[{"start":{"line":14,"column":8},"end":{"line":14,"column":8}},{"start":{"line":14,"column":8},"end":{"line":14,"column":8}}]}}}}